\BOOKMARK [0][-]{chapter.1}{Introduction}{}% 1
\BOOKMARK [0][-]{chapter.1}{Introduction}{}% 2
\BOOKMARK [1][-]{section.1.1}{scope and purpose of this work}{chapter.1}% 3
\BOOKMARK [1][-]{section.1.2}{Bow of Words}{chapter.1}% 4
\BOOKMARK [2][-]{subsection.1.2.1}{Processing Pipeline}{section.1.2}% 5
\BOOKMARK [2][-]{subsection.1.2.2}{Applications in Computer Vision}{section.1.2}% 6
\BOOKMARK [1][-]{section.1.3}{Problem of Classification}{chapter.1}% 7
\BOOKMARK [1][-]{section.1.4}{Libraries}{chapter.1}% 8
\BOOKMARK [2][-]{subsection.1.4.1}{Boost}{section.1.4}% 9
\BOOKMARK [2][-]{subsection.1.4.2}{OpenCV}{section.1.4}% 10
\BOOKMARK [2][-]{subsection.1.4.3}{PointCloud Library}{section.1.4}% 11
\BOOKMARK [2][-]{subsection.1.4.4}{libsvm}{section.1.4}% 12
\BOOKMARK [2][-]{subsection.1.4.5}{Apache log4cxx}{section.1.4}% 13
\BOOKMARK [1][-]{section.1.5}{Datasets}{chapter.1}% 14
\BOOKMARK [2][-]{subsection.1.5.1}{Berkeley 3D Object Dataset}{section.1.5}% 15
\BOOKMARK [2][-]{subsection.1.5.2}{The University of Tokyo Dataset}{section.1.5}% 16
\BOOKMARK [0][-]{chapter.2}{Design}{}% 17
\BOOKMARK [0][-]{chapter.2}{Design}{}% 18
\BOOKMARK [1][-]{section.2.1}{Software Functionality and Architecture}{chapter.2}% 19
\BOOKMARK [2][-]{subsection.2.1.1}{Required functionality}{section.2.1}% 20
\BOOKMARK [2][-]{subsection.2.1.2}{Architecture}{section.2.1}% 21
\BOOKMARK [0][-]{chapter.3}{Experiments and Results}{}% 22
\BOOKMARK [0][-]{chapter.3}{Experiments and results}{}% 23
\BOOKMARK [1][-]{section.3.1}{Experimental Setup}{chapter.3}% 24
\BOOKMARK [1][-]{section.3.2}{Experiments}{chapter.3}% 25
\BOOKMARK [2][-]{subsection.3.2.1}{Detectors}{section.3.2}% 26
\BOOKMARK [2][-]{subsection.3.2.2}{Descriptors}{section.3.2}% 27
\BOOKMARK [2][-]{subsection.3.2.3}{Codebook}{section.3.2}% 28
\BOOKMARK [2][-]{subsection.3.2.4}{B3DO}{section.3.2}% 29
\BOOKMARK [2][-]{subsection.3.2.5}{Tokyo}{section.3.2}% 30
\BOOKMARK [1][-]{section.3.3}{Conclusion}{chapter.3}% 31
